0 info it worked if it ends with ok
1 verbose cli [ '/usr/bin/node', '/usr/bin/npm', 'run', 'babel' ]
2 info using npm@3.10.10
3 info using node@v6.11.4
4 verbose run-script [ 'prebabel', 'babel', 'postbabel' ]
5 info lifecycle starting_with_es6@1.0.0~prebabel: starting_with_es6@1.0.0
6 silly lifecycle starting_with_es6@1.0.0~prebabel: no script for prebabel, continuing
7 info lifecycle starting_with_es6@1.0.0~babel: starting_with_es6@1.0.0
8 verbose lifecycle starting_with_es6@1.0.0~babel: unsafe-perm in lifecycle true
9 verbose lifecycle starting_with_es6@1.0.0~babel: PATH: /usr/lib/node_modules/npm/bin/node-gyp-bin:/home/felipe/sites/javascript-es6/node_modules/.bin:/usr/lib64/qt-3.3/bin:/usr/local/bin:/usr/local/sbin:/usr/bin:/usr/sbin:/home/felipe/.composer/vendor/bin:/home/felipe/bin:/usr/lib/jdk-oracle/bin:/home/[user]/Android/Sdk/tools:/home/[user]/Android/Sdk/platform-tools:/home/[user]/Android/Sdk/tools/bin:/opt/gitkraken:/home/[user]/Android/Sdk/tools:/home/[user]/Android/Sdk/platform-tools:/home/[user]/Android/Sdk/tools/bin:/home/felipe/.local/bin:/home/felipe/bin:/home/[user]/Android/Sdk/tools:/home/[user]/Android/Sdk/platform-tools:/home/[user]/Android/Sdk/tools/bin:/opt/gitkraken:/home/[user]/Android/Sdk/tools:/home/[user]/Android/Sdk/platform-tools:/home/[user]/Android/Sdk/tools/bin:/home/[user]/Android/Sdk/tools:/home/[user]/Android/Sdk/platform-tools:/home/[user]/Android/Sdk/tools/bin:/opt/gitkraken:/home/[user]/Android/Sdk/tools:/home/[user]/Android/Sdk/platform-tools:/home/[user]/Android/Sdk/tools/bin
10 verbose lifecycle starting_with_es6@1.0.0~babel: CWD: /home/felipe/sites/javascript-es6
11 silly lifecycle starting_with_es6@1.0.0~babel: Args: [ '-c', 'babel src --out-file js/main.js -w' ]
12 silly lifecycle starting_with_es6@1.0.0~babel: Returned: code: 1  signal: null
13 info lifecycle starting_with_es6@1.0.0~babel: Failed to exec babel script
14 verbose stack Error: starting_with_es6@1.0.0 babel: `babel src --out-file js/main.js -w`
14 verbose stack Exit status 1
14 verbose stack     at EventEmitter.<anonymous> (/usr/lib/node_modules/npm/lib/utils/lifecycle.js:255:16)
14 verbose stack     at emitTwo (events.js:106:13)
14 verbose stack     at EventEmitter.emit (events.js:191:7)
14 verbose stack     at ChildProcess.<anonymous> (/usr/lib/node_modules/npm/lib/utils/spawn.js:40:14)
14 verbose stack     at emitTwo (events.js:106:13)
14 verbose stack     at ChildProcess.emit (events.js:191:7)
14 verbose stack     at maybeClose (internal/child_process.js:920:16)
14 verbose stack     at Process.ChildProcess._handle.onexit (internal/child_process.js:230:5)
15 verbose pkgid starting_with_es6@1.0.0
16 verbose cwd /home/felipe/sites/javascript-es6
17 error Linux 4.13.4-200.fc26.x86_64
18 error argv "/usr/bin/node" "/usr/bin/npm" "run" "babel"
19 error node v6.11.4
20 error npm  v3.10.10
21 error code ELIFECYCLE
22 error starting_with_es6@1.0.0 babel: `babel src --out-file js/main.js -w`
22 error Exit status 1
23 error Failed at the starting_with_es6@1.0.0 babel script 'babel src --out-file js/main.js -w'.
23 error Make sure you have the latest version of node.js and npm installed.
23 error If you do, this is most likely a problem with the starting_with_es6 package,
23 error not with npm itself.
23 error Tell the author that this fails on your system:
23 error     babel src --out-file js/main.js -w
23 error You can get information on how to open an issue for this project with:
23 error     npm bugs starting_with_es6
23 error Or if that isn't available, you can get their info via:
23 error     npm owner ls starting_with_es6
23 error There is likely additional logging output above.
24 verbose exit [ 1, true ]
